[2020-03-24T16:15:03.182] [DEBUG] cheese - login => username:zs,password:123456
[2020-03-24T16:15:03.184] [DEBUG] cheese - zs
[2020-03-24T16:15:03.273] [DEBUG] cheese - null
[2020-03-24T16:15:03.275] [DEBUG] cheese - null
[2020-03-24T16:15:47.662] [DEBUG] cheese - login => username:admin,password:123456
[2020-03-24T16:15:47.662] [DEBUG] cheese - admin
[2020-03-24T16:15:47.731] [DEBUG] cheese - null
[2020-03-24T16:15:47.731] [DEBUG] cheese - null
[2020-03-24T16:24:56.017] [DEBUG] cheese - login => username:admin,password:123456
[2020-03-24T16:24:56.018] [DEBUG] cheese - admin
[2020-03-24T16:24:56.095] [DEBUG] cheese - null
[2020-03-24T16:24:56.096] [DEBUG] cheese - null
[2020-03-24T16:24:57.304] [DEBUG] cheese - login => username:admin,password:123456
[2020-03-24T16:24:57.304] [DEBUG] cheese - admin
[2020-03-24T16:24:57.389] [DEBUG] cheese - null
[2020-03-24T16:24:57.389] [DEBUG] cheese - null
[2020-03-24T16:25:19.033] [DEBUG] cheese - login => username:admin,password:123456
[2020-03-24T16:25:19.034] [DEBUG] cheese - admin
[2020-03-24T16:25:19.100] [DEBUG] cheese - null
[2020-03-24T16:25:19.100] [DEBUG] cheese - null
[2020-03-24T16:25:22.822] [DEBUG] cheese - login => username:admin,password:12345
[2020-03-24T16:25:22.822] [DEBUG] cheese - admin
[2020-03-24T16:25:22.943] [DEBUG] cheese - null
[2020-03-24T16:25:22.943] [DEBUG] cheese - null
[2020-03-24T16:25:27.316] [DEBUG] cheese - login => username:admin,password:123456
[2020-03-24T16:25:27.316] [DEBUG] cheese - admin
[2020-03-24T16:25:27.387] [DEBUG] cheese - null
[2020-03-24T16:25:27.387] [DEBUG] cheese - null
[2020-03-24T19:28:48.497] [DEBUG] cheese - login => username:admin,password:123456
[2020-03-24T19:28:48.498] [DEBUG] cheese - admin
[2020-03-24T19:28:48.658] [DEBUG] cheese - null
[2020-03-24T19:28:48.658] [DEBUG] cheese - null
[2020-03-24T19:59:25.668] [DEBUG] cheese - login => username:admin,password:123456
[2020-03-24T19:59:25.668] [DEBUG] cheese - admin
[2020-03-24T19:59:25.793] [DEBUG] cheese - null
[2020-03-24T19:59:25.793] [DEBUG] cheese - null
[2020-03-24T20:05:49.661] [DEBUG] cheese - login => username:admin,password:123456
[2020-03-24T20:05:49.661] [DEBUG] cheese - admin
[2020-03-24T20:05:49.831] [DEBUG] cheese - null
[2020-03-24T20:05:49.831] [DEBUG] cheese - null
[2020-03-24T20:05:50.198] [DEBUG] cheese - login => username:admin,password:123456
[2020-03-24T20:05:50.199] [DEBUG] cheese - admin
[2020-03-24T20:05:50.324] [DEBUG] cheese - null
[2020-03-24T20:05:50.324] [DEBUG] cheese - null
[2020-03-24T20:06:04.251] [DEBUG] cheese - login => username:admin,password:123452
[2020-03-24T20:06:04.251] [DEBUG] cheese - admin
[2020-03-24T20:06:04.352] [DEBUG] cheese - null
[2020-03-24T20:06:04.352] [DEBUG] cheese - null
[2020-03-24T20:06:13.099] [DEBUG] cheese - login => username:admin,password:123456
[2020-03-24T20:06:13.100] [DEBUG] cheese - admin
[2020-03-24T20:06:13.435] [DEBUG] cheese - null
[2020-03-24T20:06:13.435] [DEBUG] cheese - null
[2020-03-24T20:08:36.651] [DEBUG] cheese - login => username:admin,password:123456
[2020-03-24T20:08:36.651] [DEBUG] cheese - admin
[2020-03-24T20:08:36.838] [DEBUG] cheese - null
[2020-03-24T20:08:36.838] [DEBUG] cheese - null
[2020-03-24T20:08:38.850] [DEBUG] cheese - login => username:admin,password:123456
[2020-03-24T20:08:38.850] [DEBUG] cheese - admin
[2020-03-24T20:08:39.007] [DEBUG] cheese - null
[2020-03-24T20:08:39.008] [DEBUG] cheese - null
[2020-03-24T20:09:04.945] [DEBUG] cheese - login => username:admin,password:123456
[2020-03-24T20:09:04.945] [DEBUG] cheese - admin
[2020-03-24T20:09:05.078] [DEBUG] cheese - null
[2020-03-24T20:09:05.078] [DEBUG] cheese - null
[2020-03-24T20:10:04.040] [DEBUG] cheese - login => username:admin,password:123456
[2020-03-24T20:10:04.040] [DEBUG] cheese - admin
[2020-03-24T20:10:04.146] [DEBUG] cheese - null
[2020-03-24T20:10:04.147] [DEBUG] cheese - null
[2020-03-24T20:11:24.736] [DEBUG] cheese - login => username:admin,password:123456
[2020-03-24T20:11:24.736] [DEBUG] cheese - admin
[2020-03-24T20:11:24.892] [DEBUG] cheese - null
[2020-03-24T20:11:24.892] [DEBUG] cheese - null
[2020-03-24T20:11:34.097] [DEBUG] cheese - login => username:admin,password:123456
[2020-03-24T20:11:34.097] [DEBUG] cheese - admin
[2020-03-24T20:11:34.237] [DEBUG] cheese - null
[2020-03-24T20:11:34.237] [DEBUG] cheese - null
[2020-03-24T20:12:16.712] [DEBUG] cheese - login => username:admin,password:123456
[2020-03-24T20:12:16.712] [DEBUG] cheese - admin
[2020-03-24T20:12:16.873] [DEBUG] cheese - null
[2020-03-24T20:12:16.873] [DEBUG] cheese - null
[2020-03-24T20:17:41.794] [DEBUG] cheese - login => username:admin,password:123456
[2020-03-24T20:17:41.794] [DEBUG] cheese - admin
[2020-03-24T20:17:42.013] [DEBUG] cheese - null
[2020-03-24T20:17:42.013] [DEBUG] cheese - null
[2020-03-24T20:17:48.858] [DEBUG] cheese - login => username:admin,password:123456sd
[2020-03-24T20:17:48.858] [DEBUG] cheese - admin
[2020-03-24T20:17:49.011] [DEBUG] cheese - null
[2020-03-24T20:17:49.011] [DEBUG] cheese - null
[2020-03-24T20:18:12.438] [DEBUG] cheese - login => username:admin,password:123456
[2020-03-24T20:18:12.438] [DEBUG] cheese - admin
[2020-03-24T20:18:12.626] [DEBUG] cheese - null
[2020-03-24T20:18:12.626] [DEBUG] cheese - null
[2020-03-24T20:18:24.109] [DEBUG] cheese - login => username:adminw,password:123456
[2020-03-24T20:18:24.109] [DEBUG] cheese - adminw
[2020-03-24T20:18:24.239] [DEBUG] cheese - null
[2020-03-24T20:18:24.239] [DEBUG] cheese - null
[2020-03-24T20:20:41.544] [DEBUG] cheese - login => username:admin,password:123456
[2020-03-24T20:20:41.544] [DEBUG] cheese - admin
[2020-03-24T20:20:41.645] [DEBUG] cheese - login => username:admin,password:123456
[2020-03-24T20:20:41.645] [DEBUG] cheese - admin
[2020-03-24T20:20:42.901] [DEBUG] cheese - null
[2020-03-24T20:20:42.901] [DEBUG] cheese - null
[2020-03-24T20:20:43.571] [DEBUG] cheese - null
[2020-03-24T20:20:43.571] [DEBUG] cheese - null
[2020-03-24T20:21:13.550] [DEBUG] cheese - login => username:admin,password:123456
[2020-03-24T20:21:13.550] [DEBUG] cheese - admin
[2020-03-24T20:21:14.163] [DEBUG] cheese - null
[2020-03-24T20:21:14.163] [DEBUG] cheese - null
[2020-03-24T20:21:31.283] [DEBUG] cheese - login => username:admin,password:123456
[2020-03-24T20:21:31.283] [DEBUG] cheese - admin
[2020-03-24T20:21:31.658] [DEBUG] cheese - null
[2020-03-24T20:21:31.658] [DEBUG] cheese - null
[2020-03-24T20:21:59.253] [DEBUG] cheese - login => username:admin,password:123456
[2020-03-24T20:21:59.253] [DEBUG] cheese - admin
[2020-03-24T20:21:59.385] [DEBUG] cheese - null
[2020-03-24T20:21:59.385] [DEBUG] cheese - null
[2020-03-24T20:22:35.116] [DEBUG] cheese - login => username:admin,password:123456
[2020-03-24T20:22:35.116] [DEBUG] cheese - admin
[2020-03-24T20:22:36.133] [DEBUG] cheese - null
[2020-03-24T20:22:36.133] [DEBUG] cheese - null
[2020-03-24T20:27:13.701] [DEBUG] cheese - login => username:admin,password:123456
[2020-03-24T20:27:13.702] [DEBUG] cheese - admin
[2020-03-24T20:27:13.921] [DEBUG] cheese - null
[2020-03-24T20:27:13.921] [DEBUG] cheese - null
[2020-03-24T20:28:58.431] [DEBUG] cheese - login => username:admin,password:123456
[2020-03-24T20:28:58.431] [DEBUG] cheese - admin
[2020-03-24T20:28:58.595] [DEBUG] cheese - null
[2020-03-24T20:28:58.595] [DEBUG] cheese - null
[2020-03-24T20:30:29.213] [DEBUG] cheese - login => username:admin,password:123456
[2020-03-24T20:30:29.213] [DEBUG] cheese - admin
[2020-03-24T20:30:29.391] [DEBUG] cheese - null
[2020-03-24T20:30:29.391] [DEBUG] cheese - null
[2020-03-24T20:31:49.716] [DEBUG] cheese - login => username:admin,password:123456
[2020-03-24T20:31:49.716] [DEBUG] cheese - admin
[2020-03-24T20:31:50.192] [DEBUG] cheese - null
[2020-03-24T20:31:50.192] [DEBUG] cheese - null
[2020-03-24T20:32:23.034] [DEBUG] cheese - login => username:admin,password:123456
[2020-03-24T20:32:23.034] [DEBUG] cheese - admin
[2020-03-24T20:32:23.215] [DEBUG] cheese - null
[2020-03-24T20:32:23.215] [DEBUG] cheese - null
[2020-03-24T20:35:48.266] [DEBUG] cheese - login => username:admin,password:123456
[2020-03-24T20:35:48.266] [DEBUG] cheese - admin
[2020-03-24T20:35:48.397] [DEBUG] cheese - login => username:admin,password:123456
[2020-03-24T20:35:48.397] [DEBUG] cheese - admin
[2020-03-24T20:35:49.975] [DEBUG] cheese - login => username:admin,password:123456
[2020-03-24T20:35:49.975] [DEBUG] cheese - admin
[2020-03-24T20:35:50.051] [DEBUG] cheese - null
[2020-03-24T20:35:50.051] [DEBUG] cheese - null
[2020-03-24T20:35:50.370] [DEBUG] cheese - null
[2020-03-24T20:35:50.371] [DEBUG] cheese - null
[2020-03-24T20:35:50.755] [DEBUG] cheese - null
[2020-03-24T20:35:50.755] [DEBUG] cheese - null
[2020-03-24T20:39:05.214] [DEBUG] cheese - login => username:admin,password:123456
[2020-03-24T20:39:05.214] [DEBUG] cheese - admin
[2020-03-24T20:39:05.436] [DEBUG] cheese - null
[2020-03-24T20:39:05.436] [DEBUG] cheese - null
[2020-03-24T20:40:55.927] [DEBUG] cheese - login => username:admin,password:123456
[2020-03-24T20:40:55.927] [DEBUG] cheese - admin
[2020-03-24T20:40:56.060] [DEBUG] cheese - null
[2020-03-24T20:40:56.060] [DEBUG] cheese - null
[2020-03-24T20:43:17.690] [DEBUG] cheese - login => username:admin,password:123456
[2020-03-24T20:43:17.690] [DEBUG] cheese - admin
[2020-03-24T20:43:17.865] [DEBUG] cheese - null
[2020-03-24T20:43:17.865] [DEBUG] cheese - null
[2020-03-24T20:43:36.513] [DEBUG] cheese - login => username:admin,password:123456
[2020-03-24T20:43:36.513] [DEBUG] cheese - admin
[2020-03-24T20:43:36.651] [DEBUG] cheese - null
[2020-03-24T20:43:36.651] [DEBUG] cheese - null
[2020-03-24T20:44:09.074] [DEBUG] cheese - login => username:admin,password:123456
[2020-03-24T20:44:09.074] [DEBUG] cheese - admin
[2020-03-24T20:44:09.236] [DEBUG] cheese - null
[2020-03-24T20:44:09.236] [DEBUG] cheese - null
[2020-03-24T20:46:08.724] [DEBUG] cheese - login => username:admin,password:123456
[2020-03-24T20:46:08.724] [DEBUG] cheese - admin
[2020-03-24T20:46:08.873] [DEBUG] cheese - null
[2020-03-24T20:46:08.874] [DEBUG] cheese - null
[2020-03-24T20:46:24.402] [DEBUG] cheese - login => username:admin,password:123456
[2020-03-24T20:46:24.402] [DEBUG] cheese - admin
[2020-03-24T20:46:24.537] [DEBUG] cheese - null
[2020-03-24T20:46:24.537] [DEBUG] cheese - null
[2020-03-24T20:46:59.336] [DEBUG] cheese - login => username:admin,password:123456
[2020-03-24T20:46:59.336] [DEBUG] cheese - admin
[2020-03-24T20:46:59.476] [DEBUG] cheese - null
[2020-03-24T20:46:59.476] [DEBUG] cheese - null
[2020-03-24T20:47:10.015] [DEBUG] cheese - login => username:admin,password:123456
[2020-03-24T20:47:10.015] [DEBUG] cheese - admin
[2020-03-24T20:47:10.292] [DEBUG] cheese - null
[2020-03-24T20:47:10.292] [DEBUG] cheese - null
[2020-03-24T20:47:20.984] [DEBUG] cheese - login => username:admin,password:123456
[2020-03-24T20:47:20.984] [DEBUG] cheese - admin
[2020-03-24T20:47:21.207] [DEBUG] cheese - null
[2020-03-24T20:47:21.207] [DEBUG] cheese - null
[2020-03-24T20:47:32.672] [DEBUG] cheese - login => username:admin,password:123456
[2020-03-24T20:47:32.672] [DEBUG] cheese - admin
[2020-03-24T20:47:32.801] [DEBUG] cheese - null
[2020-03-24T20:47:32.801] [DEBUG] cheese - null
[2020-03-24T20:54:00.249] [DEBUG] cheese - login => username:admin,password:123456
[2020-03-24T20:54:00.249] [DEBUG] cheese - admin
[2020-03-24T20:54:00.417] [DEBUG] cheese - null
[2020-03-24T20:54:00.417] [DEBUG] cheese - null
[2020-03-24T20:57:01.087] [DEBUG] cheese - login => username:admin,password:123456
[2020-03-24T20:57:01.087] [DEBUG] cheese - admin
[2020-03-24T20:57:01.255] [DEBUG] cheese - null
[2020-03-24T20:57:01.255] [DEBUG] cheese - null
[2020-03-24T20:57:05.661] [DEBUG] cheese - login => username:admin,password:123456
[2020-03-24T20:57:05.661] [DEBUG] cheese - admin
[2020-03-24T20:57:05.837] [DEBUG] cheese - null
[2020-03-24T20:57:05.837] [DEBUG] cheese - null
[2020-03-24T20:57:46.191] [DEBUG] cheese - login => username:admin,password:123456
[2020-03-24T20:57:46.191] [DEBUG] cheese - admin
[2020-03-24T20:57:46.324] [DEBUG] cheese - null
[2020-03-24T20:57:46.325] [DEBUG] cheese - null
[2020-03-24T21:00:54.098] [DEBUG] cheese - login => username:admin,password:123456
[2020-03-24T21:00:54.098] [DEBUG] cheese - admin
[2020-03-24T21:00:54.232] [DEBUG] cheese - null
[2020-03-24T21:00:54.233] [DEBUG] cheese - null
[2020-03-24T21:11:39.347] [DEBUG] cheese - login => username:admin,password:123456
[2020-03-24T21:11:39.347] [DEBUG] cheese - admin
[2020-03-24T21:11:39.478] [DEBUG] cheese - null
[2020-03-24T21:11:39.479] [DEBUG] cheese - null
[2020-03-24T21:11:56.261] [DEBUG] cheese - login => username:admin,password:123456
[2020-03-24T21:11:56.262] [DEBUG] cheese - admin
[2020-03-24T21:11:56.382] [DEBUG] cheese - null
[2020-03-24T21:11:56.382] [DEBUG] cheese - null
[2020-03-24T21:15:40.339] [DEBUG] cheese - login => username:admin,password:123456
[2020-03-24T21:15:40.339] [DEBUG] cheese - admin
[2020-03-24T21:15:40.509] [DEBUG] cheese - null
[2020-03-24T21:15:40.509] [DEBUG] cheese - null
[2020-03-24T21:24:02.728] [DEBUG] cheese - login => username:admin,password:123456
[2020-03-24T21:24:02.728] [DEBUG] cheese - admin
[2020-03-24T21:24:02.865] [DEBUG] cheese - null
[2020-03-24T21:24:02.865] [DEBUG] cheese - null
[2020-03-24T21:25:25.592] [DEBUG] cheese - login => username:admin,password:123456
[2020-03-24T21:25:25.592] [DEBUG] cheese - admin
[2020-03-24T21:25:25.742] [DEBUG] cheese - null
[2020-03-24T21:25:25.743] [DEBUG] cheese - null
[2020-03-24T21:29:41.365] [DEBUG] cheese - login => username:admin,password:123456
[2020-03-24T21:29:41.365] [DEBUG] cheese - admin
[2020-03-24T21:29:41.498] [DEBUG] cheese - null
[2020-03-24T21:29:41.499] [DEBUG] cheese - null
[2020-03-24T21:30:17.812] [DEBUG] cheese - login => username:admin,password:123456
[2020-03-24T21:30:17.812] [DEBUG] cheese - admin
[2020-03-24T21:30:18.003] [DEBUG] cheese - null
[2020-03-24T21:30:18.003] [DEBUG] cheese - null
[2020-03-24T21:31:41.429] [DEBUG] cheese - login => username:admin,password:123456
[2020-03-24T21:31:41.429] [DEBUG] cheese - admin
[2020-03-24T21:31:41.582] [DEBUG] cheese - null
[2020-03-24T21:31:41.582] [DEBUG] cheese - null
[2020-03-24T21:34:02.665] [DEBUG] cheese - login => username:admin,password:123456
[2020-03-24T21:34:02.666] [DEBUG] cheese - admin
[2020-03-24T21:34:02.791] [DEBUG] cheese - null
[2020-03-24T21:34:02.791] [DEBUG] cheese - null
[2020-03-24T21:53:08.253] [DEBUG] cheese - login => username:admin,password:123456
[2020-03-24T21:53:08.253] [DEBUG] cheese - admin
[2020-03-24T21:53:08.464] [DEBUG] cheese - null
[2020-03-24T21:53:08.465] [DEBUG] cheese - null
[2020-03-24T21:54:06.935] [DEBUG] cheese - login => username:admin,password:123456
[2020-03-24T21:54:06.935] [DEBUG] cheese - admin
[2020-03-24T21:54:07.062] [DEBUG] cheese - null
[2020-03-24T21:54:07.062] [DEBUG] cheese - null
[2020-03-24T22:07:58.375] [DEBUG] cheese - login => username:admin,password:123456
[2020-03-24T22:07:58.376] [DEBUG] cheese - admin
[2020-03-24T22:07:58.514] [DEBUG] cheese - null
[2020-03-24T22:07:58.514] [DEBUG] cheese - null
[2020-03-24T22:08:52.039] [DEBUG] cheese - login => username:admin,password:123456
[2020-03-24T22:08:52.039] [DEBUG] cheese - admin
[2020-03-24T22:08:52.179] [DEBUG] cheese - null
[2020-03-24T22:08:52.179] [DEBUG] cheese - null
[2020-03-25T08:00:28.647] [DEBUG] cheese - login => username:admin,password:123456
[2020-03-25T08:00:28.647] [DEBUG] cheese - admin
[2020-03-25T08:00:30.867] [DEBUG] cheese - login => username:admin,password:123456
[2020-03-25T08:00:30.867] [DEBUG] cheese - admin
[2020-03-25T08:00:37.147] [DEBUG] cheese - login => username:admin,password:123456
[2020-03-25T08:00:37.147] [DEBUG] cheese - admin
[2020-03-25T08:00:38.518] [DEBUG] cheese - login => username:admin,password:123456
[2020-03-25T08:00:38.518] [DEBUG] cheese - admin
[2020-03-25T08:00:38.746] [DEBUG] cheese - null
[2020-03-25T08:00:38.746] [DEBUG] cheese - null
[2020-03-25T08:00:38.930] [DEBUG] cheese - null
[2020-03-25T08:00:38.931] [DEBUG] cheese - null
[2020-03-25T08:00:41.246] [DEBUG] cheese - null
[2020-03-25T08:00:41.246] [DEBUG] cheese - null
[2020-03-25T08:00:47.485] [DEBUG] cheese - null
[2020-03-25T08:00:47.485] [DEBUG] cheese - null
[2020-03-25T08:44:05.299] [DEBUG] cheese - login => username:admin,password:123456
[2020-03-25T08:44:05.299] [DEBUG] cheese - admin
[2020-03-25T08:44:05.528] [DEBUG] cheese - null
[2020-03-25T08:44:05.528] [DEBUG] cheese - null
[2020-03-25T08:52:59.198] [DEBUG] cheese - login => username:admin,password:123456
[2020-03-25T08:52:59.198] [DEBUG] cheese - admin
[2020-03-25T08:52:59.271] [DEBUG] cheese - null
[2020-03-25T08:52:59.271] [DEBUG] cheese - null
[2020-03-25T09:15:23.453] [DEBUG] cheese - login => username:admin,password:123456
[2020-03-25T09:15:23.453] [DEBUG] cheese - admin
[2020-03-25T09:15:23.522] [DEBUG] cheese - null
[2020-03-25T09:15:23.523] [DEBUG] cheese - null
[2020-03-25T09:51:21.348] [DEBUG] cheese - login => username:admin,password:123456
[2020-03-25T09:51:21.350] [DEBUG] cheese - admin
[2020-03-25T09:51:21.420] [DEBUG] cheese - null
[2020-03-25T09:51:21.420] [DEBUG] cheese - null
[2020-03-25T09:51:21.528] [DEBUG] cheese - login => username:admin,password:123456
[2020-03-25T09:51:21.528] [DEBUG] cheese - admin
[2020-03-25T09:51:21.605] [DEBUG] cheese - null
[2020-03-25T09:51:21.605] [DEBUG] cheese - null
[2020-03-25T11:06:18.263] [DEBUG] cheese - login => username:admin,password:123456
[2020-03-25T11:06:18.264] [DEBUG] cheese - admin
[2020-03-25T11:06:18.351] [DEBUG] cheese - null
[2020-03-25T11:06:18.352] [DEBUG] cheese - null
[2020-03-25T12:00:10.705] [DEBUG] cheese - login => username:admin,password:123456
[2020-03-25T12:00:10.706] [DEBUG] cheese - admin
[2020-03-25T12:00:10.777] [DEBUG] cheese - null
[2020-03-25T12:00:10.777] [DEBUG] cheese - null
[2020-03-25T12:06:40.523] [DEBUG] cheese - login => username:admin,password:123456
[2020-03-25T12:06:40.523] [DEBUG] cheese - admin
[2020-03-25T12:06:40.616] [DEBUG] cheese - null
[2020-03-25T12:06:40.617] [DEBUG] cheese - null
[2020-03-25T14:19:04.076] [DEBUG] cheese - login => username:admin,password:123456
[2020-03-25T14:19:04.076] [DEBUG] cheese - admin
[2020-03-25T14:19:04.270] [DEBUG] cheese - null
[2020-03-25T14:19:04.270] [DEBUG] cheese - null
[2020-03-25T14:26:42.829] [DEBUG] cheese - login => username:admin,password:123456
[2020-03-25T14:26:42.830] [DEBUG] cheese - admin
[2020-03-25T14:26:44.811] [DEBUG] cheese - login => username:admin,password:123456
[2020-03-25T14:26:44.811] [DEBUG] cheese - admin
[2020-03-25T14:26:45.769] [DEBUG] cheese - null
[2020-03-25T14:26:45.769] [DEBUG] cheese - null
[2020-03-25T14:26:45.854] [DEBUG] cheese - null
[2020-03-25T14:26:45.854] [DEBUG] cheese - null
[2020-03-25T14:29:31.577] [DEBUG] cheese - login => username:admin,password:123456
[2020-03-25T14:29:31.577] [DEBUG] cheese - admin
[2020-03-25T14:29:31.654] [DEBUG] cheese - null
[2020-03-25T14:29:31.654] [DEBUG] cheese - null
[2020-03-25T15:46:43.997] [DEBUG] cheese - login => username:admin,password:123456
[2020-03-25T15:46:43.998] [DEBUG] cheese - admin
[2020-03-25T15:46:49.619] [DEBUG] cheese - login => username:admin,password:123456
[2020-03-25T15:46:49.619] [DEBUG] cheese - admin
[2020-03-25T15:46:50.828] [DEBUG] cheese - null
[2020-03-25T15:46:50.829] [DEBUG] cheese - null
[2020-03-25T15:46:50.915] [DEBUG] cheese - null
[2020-03-25T15:46:50.915] [DEBUG] cheese - null
[2020-03-25T21:35:27.915] [DEBUG] cheese - login => username:admin,password:123456
[2020-03-25T21:35:27.915] [DEBUG] cheese - admin
[2020-03-25T21:35:37.919] [DEBUG] cheese - { inspect: [Function: inspect] }
[2020-03-25T21:35:37.921] [DEBUG] cheese - 查询失败
[2020-03-25T21:35:42.105] [DEBUG] cheese - login => username:admin,password:123456
[2020-03-25T21:35:42.105] [DEBUG] cheese - admin
[2020-03-25T21:35:52.111] [DEBUG] cheese - { inspect: [Function: inspect] }
[2020-03-25T21:35:52.111] [DEBUG] cheese - 查询失败
[2020-03-25T21:35:59.057] [DEBUG] cheese - login => username:admin,password:123456
[2020-03-25T21:35:59.057] [DEBUG] cheese - admin
[2020-03-25T21:36:09.059] [DEBUG] cheese - { inspect: [Function: inspect] }
[2020-03-25T21:36:09.059] [DEBUG] cheese - 查询失败
[2020-03-25T21:37:00.328] [DEBUG] cheese - login => username:admin,password:123456
[2020-03-25T21:37:00.329] [DEBUG] cheese - admin
[2020-03-25T21:37:00.477] [DEBUG] cheese - null
[2020-03-25T21:37:00.478] [DEBUG] cheese - null
[2020-03-25T22:18:16.225] [DEBUG] cheese - login => username:admin,password:123456
[2020-03-25T22:18:16.225] [DEBUG] cheese - admin
[2020-03-25T22:18:26.228] [DEBUG] cheese - { inspect: [Function: inspect] }
[2020-03-25T22:18:26.230] [DEBUG] cheese - 查询失败
[2020-03-25T22:18:41.957] [DEBUG] cheese - login => username:admin,password:123456
[2020-03-25T22:18:41.957] [DEBUG] cheese - admin
[2020-03-25T22:18:42.110] [DEBUG] cheese - null
[2020-03-25T22:18:42.111] [DEBUG] cheese - null
[2020-03-26T08:13:04.239] [DEBUG] cheese - login => username:admin,password:123456
[2020-03-26T08:13:04.239] [DEBUG] cheese - admin
[2020-03-26T08:13:04.241] [DEBUG] cheese - { inspect: [Function: inspect] }
[2020-03-26T08:13:04.241] [DEBUG] cheese - 查询失败
[2020-03-26T08:14:03.314] [DEBUG] cheese - login => username:admin,password:123456
[2020-03-26T08:14:03.315] [DEBUG] cheese - admin
[2020-03-26T08:14:03.393] [DEBUG] cheese - null
[2020-03-26T08:14:03.394] [DEBUG] cheese - null
[2020-03-26T08:27:17.862] [DEBUG] cheese - login => username:admin,password:123456
[2020-03-26T08:27:17.862] [DEBUG] cheese - admin
[2020-03-26T08:27:27.869] [DEBUG] cheese - { inspect: [Function: inspect] }
[2020-03-26T08:27:27.871] [DEBUG] cheese - 查询失败
[2020-03-26T08:27:31.122] [DEBUG] cheese - login => username:admin,password:123456
[2020-03-26T08:27:31.122] [DEBUG] cheese - admin
[2020-03-26T08:27:41.128] [DEBUG] cheese - { inspect: [Function: inspect] }
[2020-03-26T08:27:41.128] [DEBUG] cheese - 查询失败
[2020-03-26T08:27:46.321] [DEBUG] cheese - login => username:admin,password:123456
[2020-03-26T08:27:46.322] [DEBUG] cheese - admin
[2020-03-26T08:27:56.327] [DEBUG] cheese - { inspect: [Function: inspect] }
[2020-03-26T08:27:56.328] [DEBUG] cheese - 查询失败
[2020-03-26T08:28:58.702] [DEBUG] cheese - login => username:admin,password:123456
[2020-03-26T08:28:58.703] [DEBUG] cheese - admin
[2020-03-26T08:29:00.554] [DEBUG] cheese - null
[2020-03-26T08:29:00.554] [DEBUG] cheese - null
[2020-03-26T09:19:31.118] [DEBUG] cheese - login => username:admin,password:123456
[2020-03-26T09:19:31.118] [DEBUG] cheese - admin
[2020-03-26T09:19:31.199] [DEBUG] cheese - null
[2020-03-26T09:19:31.199] [DEBUG] cheese - null
[2020-03-26T18:24:17.901] [DEBUG] cheese - login => username:admin,password:123456
[2020-03-26T18:24:17.902] [DEBUG] cheese - admin
[2020-03-26T18:24:27.904] [DEBUG] cheese - { inspect: [Function: inspect] }
[2020-03-26T18:24:27.905] [DEBUG] cheese - 查询失败
[2020-03-26T18:24:30.003] [DEBUG] cheese - login => username:admin,password:123456
[2020-03-26T18:24:30.003] [DEBUG] cheese - admin
[2020-03-26T18:24:40.009] [DEBUG] cheese - { inspect: [Function: inspect] }
[2020-03-26T18:24:40.009] [DEBUG] cheese - 查询失败
[2020-03-26T18:25:01.336] [DEBUG] cheese - login => username:admin,password:123456
[2020-03-26T18:25:01.336] [DEBUG] cheese - admin
[2020-03-26T18:25:01.528] [DEBUG] cheese - null
[2020-03-26T18:25:01.528] [DEBUG] cheese - null
[2020-03-26T18:44:09.007] [DEBUG] cheese - null
[2020-03-26T18:44:22.491] [DEBUG] cheese - null
[2020-03-26T18:44:30.726] [DEBUG] cheese - null
[2020-03-26T18:45:13.505] [DEBUG] cheese - null
[2020-03-26T18:46:19.191] [DEBUG] cheese - null
[2020-03-26T18:49:30.418] [DEBUG] cheese - null
[2020-03-26T18:49:52.309] [DEBUG] cheese - null
[2020-03-26T18:50:11.282] [DEBUG] cheese - null
[2020-03-26T18:50:19.762] [DEBUG] cheese - null
[2020-03-26T18:51:58.560] [DEBUG] cheese - null
[2020-03-26T18:52:01.918] [DEBUG] cheese - null
[2020-03-26T18:58:09.421] [DEBUG] cheese - login => username:admin,password:123456
[2020-03-26T18:58:09.421] [DEBUG] cheese - admin
[2020-03-26T18:58:09.489] [DEBUG] cheese - null
[2020-03-26T18:58:09.489] [DEBUG] cheese - null
[2020-03-26T18:59:02.501] [DEBUG] cheese - null
[2020-03-26T18:59:05.515] [DEBUG] cheese - null
[2020-03-26T18:59:12.253] [DEBUG] cheese - null
[2020-03-26T18:59:15.247] [DEBUG] cheese - null
[2020-03-26T19:28:44.578] [DEBUG] cheese - login => username:admin,password:123456
[2020-03-26T19:28:44.578] [DEBUG] cheese - admin
[2020-03-26T19:28:44.666] [DEBUG] cheese - null
[2020-03-26T19:28:44.667] [DEBUG] cheese - null
[2020-03-26T19:29:39.920] [DEBUG] cheese - null
[2020-03-26T22:13:49.849] [DEBUG] cheese - login => username:admin,password:123456
[2020-03-26T22:13:49.850] [DEBUG] cheese - admin
[2020-03-26T22:13:49.858] [DEBUG] cheese - null
[2020-03-26T22:13:49.858] [DEBUG] cheese - null
[2020-03-27T08:54:13.364] [DEBUG] cheese - login => username:admin,password:123456
[2020-03-27T08:54:13.365] [DEBUG] cheese - admin
[2020-03-27T08:54:13.368] [DEBUG] cheese - null
[2020-03-27T08:54:13.368] [DEBUG] cheese - null
[2020-03-29T10:06:44.265] [DEBUG] cheese - login => username:admin,password:123456
[2020-03-29T10:06:44.267] [DEBUG] cheese - admin
[2020-03-29T10:06:44.279] [DEBUG] cheese - null
[2020-03-29T10:06:44.280] [DEBUG] cheese - null
[2020-03-29T10:36:31.960] [DEBUG] cheese - null
[2020-03-29T10:36:34.457] [DEBUG] cheese - null
[2020-03-29T10:36:36.688] [DEBUG] cheese - null
[2020-03-29T10:37:00.391] [DEBUG] cheese - login => username:admin,password:123456
[2020-03-29T10:37:00.391] [DEBUG] cheese - admin
[2020-03-29T10:37:00.393] [DEBUG] cheese - null
[2020-03-29T10:37:00.393] [DEBUG] cheese - null
[2020-03-29T10:41:39.588] [DEBUG] cheese - null
[2020-03-29T10:56:35.815] [DEBUG] cheese - login => username:admin,password:123456
[2020-03-29T10:56:35.815] [DEBUG] cheese - admin
[2020-03-29T10:56:35.818] [DEBUG] cheese - null
[2020-03-29T10:56:35.818] [DEBUG] cheese - null
[2020-03-29T12:07:42.117] [DEBUG] cheese - null
[2020-03-29T12:07:52.174] [DEBUG] cheese - null
[2020-03-30T15:07:07.414] [DEBUG] cheese - login => username:admin,password:123456
[2020-03-30T15:07:07.417] [DEBUG] cheese - admin
[2020-03-30T15:07:07.430] [DEBUG] cheese - null
[2020-03-30T15:07:07.430] [DEBUG] cheese - null
[2020-03-30T16:21:14.777] [DEBUG] cheese - login => username:admin,password:123456
[2020-03-30T16:21:14.778] [DEBUG] cheese - admin
[2020-03-30T16:21:14.780] [DEBUG] cheese - null
[2020-03-30T16:21:14.781] [DEBUG] cheese - null
[2020-03-30T20:55:01.534] [DEBUG] cheese - login => username:admin,password:123456
[2020-03-30T20:55:01.536] [DEBUG] cheese - admin
[2020-03-30T20:55:01.540] [DEBUG] cheese - null
[2020-03-30T20:55:01.541] [DEBUG] cheese - null
[2020-03-30T21:01:12.379] [DEBUG] cheese - login => username:admin,password:123456
[2020-03-30T21:01:12.380] [DEBUG] cheese - admin
[2020-03-30T21:01:12.383] [DEBUG] cheese - null
[2020-03-30T21:01:12.384] [DEBUG] cheese - null
[2020-03-31T10:20:23.937] [DEBUG] cheese - login => username:admin,password:123456
[2020-03-31T10:20:23.938] [DEBUG] cheese - admin
[2020-03-31T10:20:23.957] [DEBUG] cheese - null
[2020-03-31T10:20:23.957] [DEBUG] cheese - null
[2020-03-31T17:01:21.241] [DEBUG] cheese - login => username:admin,password:123456
[2020-03-31T17:01:21.243] [DEBUG] cheese - admin
[2020-03-31T17:01:21.249] [DEBUG] cheese - null
[2020-03-31T17:01:21.250] [DEBUG] cheese - null
[2020-03-31T17:01:38.121] [DEBUG] cheese - login => username:admin,password:123456
[2020-03-31T17:01:38.121] [DEBUG] cheese - admin
[2020-03-31T17:01:39.374] [DEBUG] cheese - login => username:admin,password:123456
[2020-03-31T17:01:39.374] [DEBUG] cheese - admin
[2020-03-31T17:03:12.852] [DEBUG] cheese - login => username:admin,password:123456
[2020-03-31T17:03:12.852] [DEBUG] cheese - admin
[2020-03-31T17:04:36.179] [DEBUG] cheese - login => username:admin,password:123456
[2020-03-31T17:04:36.181] [DEBUG] cheese - admin
[2020-03-31T17:04:36.188] [DEBUG] cheese - null
[2020-03-31T17:04:36.189] [DEBUG] cheese - null
[2020-03-31T20:22:09.955] [DEBUG] cheese - login => username:admin,password:123456
[2020-03-31T20:22:09.956] [DEBUG] cheese - admin
[2020-03-31T20:22:09.959] [DEBUG] cheese - null
[2020-03-31T20:22:09.959] [DEBUG] cheese - null
[2020-03-31T20:23:00.369] [DEBUG] cheese - login => username:admin,password:123456
[2020-03-31T20:23:00.371] [DEBUG] cheese - admin
[2020-03-31T20:23:00.378] [DEBUG] cheese - null
[2020-03-31T20:23:00.378] [DEBUG] cheese - null
[2020-03-31T20:37:22.010] [DEBUG] cheese - login => username:admin,password:123456
[2020-03-31T20:37:22.011] [DEBUG] cheese - admin
[2020-03-31T20:37:22.018] [DEBUG] cheese - null
[2020-03-31T20:37:22.019] [DEBUG] cheese - null
[2020-04-01T08:40:54.764] [DEBUG] cheese - login => username:admin,password:123456
[2020-04-01T08:40:54.765] [DEBUG] cheese - admin
[2020-04-01T08:40:54.768] [DEBUG] cheese - null
[2020-04-01T08:40:54.768] [DEBUG] cheese - null
[2020-04-01T09:40:40.818] [DEBUG] cheese - login => username:admin,password:123456
[2020-04-01T09:40:40.819] [DEBUG] cheese - admin
[2020-04-01T09:40:40.823] [DEBUG] cheese - null
[2020-04-01T09:40:40.823] [DEBUG] cheese - null
[2020-04-01T14:34:55.593] [DEBUG] cheese - login => username:admin,password:123456
[2020-04-01T14:34:55.594] [DEBUG] cheese - admin
[2020-04-01T14:34:55.611] [DEBUG] cheese - null
[2020-04-01T14:34:55.612] [DEBUG] cheese - null
[2020-04-02T09:08:56.366] [DEBUG] cheese - login => username:admin,password:123456
[2020-04-02T09:08:56.367] [DEBUG] cheese - admin
[2020-04-02T09:08:56.374] [DEBUG] cheese - null
[2020-04-02T09:08:56.375] [DEBUG] cheese - null
[2020-04-02T10:50:25.561] [DEBUG] cheese - login => username:test111,password:123456
[2020-04-02T10:50:25.562] [DEBUG] cheese - test111
[2020-04-02T10:50:25.564] [DEBUG] cheese - null
[2020-04-02T10:50:25.564] [DEBUG] cheese - null
[2020-04-02T10:50:31.756] [DEBUG] cheese - login => username:test111,password:123456
[2020-04-02T10:50:31.757] [DEBUG] cheese - test111
[2020-04-02T10:50:31.758] [DEBUG] cheese - null
[2020-04-02T10:50:31.758] [DEBUG] cheese - null
[2020-04-02T10:50:38.693] [DEBUG] cheese - login => username:admin,password:123456
[2020-04-02T10:50:38.693] [DEBUG] cheese - admin
[2020-04-02T10:50:38.694] [DEBUG] cheese - null
[2020-04-02T10:50:38.695] [DEBUG] cheese - null
[2020-04-02T16:21:41.879] [DEBUG] cheese - login => username:admin,password:123456
[2020-04-02T16:21:41.880] [DEBUG] cheese - admin
[2020-04-02T16:21:46.615] [DEBUG] cheese - login => username:admin,password:123456
[2020-04-02T16:21:46.615] [DEBUG] cheese - admin
[2020-04-02T16:21:47.585] [DEBUG] cheese - login => username:admin,password:123456
[2020-04-02T16:21:47.585] [DEBUG] cheese - admin
[2020-04-02T16:22:25.943] [DEBUG] cheese - login => username:admin,password:123456
[2020-04-02T16:22:25.944] [DEBUG] cheese - admin
[2020-04-02T16:22:25.952] [DEBUG] cheese - null
[2020-04-02T16:22:25.952] [DEBUG] cheese - null
[2020-04-02T20:18:46.387] [DEBUG] cheese - login => username:admin,password:123456
[2020-04-02T20:18:46.389] [DEBUG] cheese - admin
[2020-04-02T20:18:46.394] [DEBUG] cheese - null
[2020-04-02T20:18:46.395] [DEBUG] cheese - null
[2020-04-02T20:48:22.025] [DEBUG] cheese - null
[2020-04-02T20:48:45.492] [DEBUG] cheese - null
[2020-04-02T20:50:00.053] [DEBUG] cheese - null
[2020-04-02T21:02:09.710] [DEBUG] cheese - null
[2020-04-02T21:05:33.020] [DEBUG] cheese - null
[2020-04-02T21:16:28.245] [DEBUG] cheese - null
[2020-04-02T21:20:57.193] [DEBUG] cheese - null
[2020-04-02T21:26:06.119] [DEBUG] cheese - null
[2020-04-02T21:27:18.958] [DEBUG] cheese - null
[2020-04-02T21:27:57.050] [DEBUG] cheese - null
[2020-04-03T11:43:30.683] [DEBUG] cheese - login => username:admin,password:123456
[2020-04-03T11:43:30.684] [DEBUG] cheese - admin
[2020-04-03T11:43:30.687] [DEBUG] cheese - null
[2020-04-03T11:43:30.687] [DEBUG] cheese - null
[2020-04-03T14:39:24.064] [DEBUG] cheese - login => username:admin,password:123456
[2020-04-03T14:39:24.064] [DEBUG] cheese - admin
[2020-04-03T14:39:24.066] [DEBUG] cheese - null
[2020-04-03T14:39:24.066] [DEBUG] cheese - null
[2020-04-03T14:44:02.393] [DEBUG] cheese - login => username:admin,password:123456
[2020-04-03T14:44:02.393] [DEBUG] cheese - admin
[2020-04-03T14:44:02.395] [DEBUG] cheese - null
[2020-04-03T14:44:02.395] [DEBUG] cheese - null
[2020-04-03T18:56:40.993] [DEBUG] cheese - login => username:admin,password:123456
[2020-04-03T18:56:40.993] [DEBUG] cheese - admin
[2020-04-03T18:56:41.000] [DEBUG] cheese - null
[2020-04-03T18:56:41.000] [DEBUG] cheese - null
[2020-04-03T19:24:42.277] [DEBUG] cheese - login => username:admin,password:123456
[2020-04-03T19:24:42.277] [DEBUG] cheese - admin
[2020-04-03T19:24:42.279] [DEBUG] cheese - null
[2020-04-03T19:24:42.279] [DEBUG] cheese - null
[2020-04-03T19:28:52.057] [DEBUG] cheese - login => username:admin,password:123456
[2020-04-03T19:28:52.057] [DEBUG] cheese - admin
[2020-04-03T19:28:52.058] [DEBUG] cheese - null
[2020-04-03T19:28:52.059] [DEBUG] cheese - null
[2020-04-03T19:30:34.590] [DEBUG] cheese - login => username:admin,password:123456
[2020-04-03T19:30:34.590] [DEBUG] cheese - admin
[2020-04-03T19:30:34.592] [DEBUG] cheese - null
[2020-04-03T19:30:34.592] [DEBUG] cheese - null
[2020-04-17T17:04:37.496] [DEBUG] cheese - login => username:admin,password:123456
[2020-04-17T17:04:37.497] [DEBUG] cheese - admin
[2020-04-17T17:04:37.515] [DEBUG] cheese - null
[2020-04-17T17:04:37.515] [DEBUG] cheese - null
[2020-04-17T17:45:49.123] [DEBUG] cheese - login => username:admin,password:123456
[2020-04-17T17:45:49.125] [DEBUG] cheese - admin
[2020-04-17T17:45:49.142] [DEBUG] cheese - null
[2020-04-17T17:45:49.143] [DEBUG] cheese - null
[2020-04-17T19:52:38.034] [DEBUG] cheese - login => username:admin,password:123456
[2020-04-17T19:52:38.035] [DEBUG] cheese - admin
[2020-04-17T19:52:38.053] [DEBUG] cheese - null
[2020-04-17T19:52:38.053] [DEBUG] cheese - null
[2020-06-11T15:08:00.278] [DEBUG] cheese - login => username:99101628,password:awD7@52nd
[2020-06-11T15:08:00.280] [DEBUG] cheese - 99101628
[2020-06-11T15:08:00.299] [DEBUG] cheese - null
[2020-06-11T15:08:00.300] [DEBUG] cheese - null
[2020-06-11T15:08:04.704] [DEBUG] cheese - login => username:admin,password:123456
[2020-06-11T15:08:04.705] [DEBUG] cheese - admin
[2020-06-11T15:08:04.708] [DEBUG] cheese - null
[2020-06-11T15:08:04.708] [DEBUG] cheese - null
